<?xml version="1.0" encoding="UTF-8"?>
<testsuite name="nl.shadowlink.mission.msc.OpcodeParameterTest$GlobalVarParamTest" tests="1" skipped="0" failures="0" errors="0" timestamp="2020-05-29T18:25:03" hostname="MacBook-Pro-van-Kilian.local" time="0.002">
  <properties/>
  <testcase name="global var parameter takes 2 bytes()" classname="nl.shadowlink.mission.msc.OpcodeParameterTest$GlobalVarParamTest" time="0.002"/>
  <system-out><![CDATA[]]></system-out>
  <system-err><![CDATA[]]></system-err>
</testsuite>
